[2024-02-15T23:48:49.992+0000] {manager.py:469} INFO - Processing files using up to 2 processes at a time 
[2024-02-15T23:48:49.993+0000] {manager.py:470} INFO - Process each file at most once every 30 seconds
[2024-02-15T23:48:49.993+0000] {manager.py:471} INFO - Checking for new files in /opt/airflow/dags every 300 seconds
[2024-02-15T23:48:49.994+0000] {manager.py:738} INFO - Searching for files in /opt/airflow/dags
[2024-02-15T23:48:49.995+0000] {manager.py:741} INFO - There are 0 files in /opt/airflow/dags
[2024-02-15T23:53:50.613+0000] {manager.py:738} INFO - Searching for files in /opt/airflow/dags
[2024-02-15T23:53:50.616+0000] {manager.py:741} INFO - There are 1 files in /opt/airflow/dags
[2024-02-15T23:53:51.642+0000] {manager.py:879} INFO - 
================================================================================
DAG File Processing Stats

File Path                         PID    Runtime      # DAGs    # Errors  Last Runtime    Last Run
--------------------------------  -----  ---------  --------  ----------  --------------  -------------------
/opt/airflow/dags/twitter_dag.py                           0           1  0.03s           2024-02-15T23:53:50
================================================================================
[2024-02-15T23:54:21.807+0000] {manager.py:879} INFO - 
================================================================================
DAG File Processing Stats

File Path                         PID    Runtime      # DAGs    # Errors  Last Runtime    Last Run
--------------------------------  -----  ---------  --------  ----------  --------------  -------------------
/opt/airflow/dags/twitter_dag.py                           0           1  0.03s           2024-02-15T23:54:20
================================================================================
[2024-02-15T23:54:51.966+0000] {manager.py:879} INFO - 
================================================================================
DAG File Processing Stats

File Path                         PID    Runtime      # DAGs    # Errors  Last Runtime    Last Run
--------------------------------  -----  ---------  --------  ----------  --------------  -------------------
/opt/airflow/dags/twitter_dag.py                           0           1  0.03s           2024-02-15T23:54:50
================================================================================
[2024-02-15T23:55:22.166+0000] {manager.py:879} INFO - 
================================================================================
DAG File Processing Stats

File Path                           PID  Runtime      # DAGs    # Errors  Last Runtime    Last Run
--------------------------------  -----  ---------  --------  ----------  --------------  -------------------
/opt/airflow/dags/twitter_dag.py    118  0.00s             0           1  0.03s           2024-02-15T23:55:21
================================================================================
[2024-02-15T23:55:52.329+0000] {manager.py:879} INFO - 
================================================================================
DAG File Processing Stats

File Path                           PID  Runtime      # DAGs    # Errors  Last Runtime    Last Run
--------------------------------  -----  ---------  --------  ----------  --------------  -------------------
/opt/airflow/dags/twitter_dag.py    125  0.00s             0           1  0.03s           2024-02-15T23:55:22
================================================================================
[2024-02-15T23:56:22.509+0000] {manager.py:879} INFO - 
================================================================================
DAG File Processing Stats

File Path                         PID    Runtime      # DAGs    # Errors  Last Runtime    Last Run
--------------------------------  -----  ---------  --------  ----------  --------------  -------------------
/opt/airflow/dags/twitter_dag.py                           0           1  0.04s           2024-02-15T23:56:09
================================================================================
[2024-02-15T23:56:52.712+0000] {manager.py:879} INFO - 
================================================================================
DAG File Processing Stats

File Path                         PID    Runtime      # DAGs    # Errors  Last Runtime    Last Run
--------------------------------  -----  ---------  --------  ----------  --------------  -------------------
/opt/airflow/dags/twitter_dag.py                           0           1  0.05s           2024-02-15T23:56:48
================================================================================
[2024-02-15T23:57:22.874+0000] {manager.py:879} INFO - 
================================================================================
DAG File Processing Stats

File Path                         PID    Runtime      # DAGs    # Errors  Last Runtime    Last Run
--------------------------------  -----  ---------  --------  ----------  --------------  -------------------
/opt/airflow/dags/twitter_dag.py                           0           1  0.03s           2024-02-15T23:57:18
================================================================================
[2024-02-15T23:57:53.048+0000] {manager.py:879} INFO - 
================================================================================
DAG File Processing Stats

File Path                         PID    Runtime      # DAGs    # Errors  Last Runtime    Last Run
--------------------------------  -----  ---------  --------  ----------  --------------  -------------------
/opt/airflow/dags/twitter_dag.py                           0           1  0.03s           2024-02-15T23:57:35
================================================================================
[2024-02-15T23:58:23.232+0000] {manager.py:879} INFO - 
================================================================================
DAG File Processing Stats

File Path                         PID    Runtime      # DAGs    # Errors  Last Runtime    Last Run
--------------------------------  -----  ---------  --------  ----------  --------------  -------------------
/opt/airflow/dags/twitter_dag.py                           0           1  0.04s           2024-02-15T23:58:06
================================================================================
[2024-02-15T23:58:51.390+0000] {manager.py:738} INFO - Searching for files in /opt/airflow/dags
[2024-02-15T23:58:51.394+0000] {manager.py:741} INFO - There are 1 files in /opt/airflow/dags
[2024-02-15T23:58:53.428+0000] {manager.py:879} INFO - 
================================================================================
DAG File Processing Stats

File Path                         PID    Runtime      # DAGs    # Errors  Last Runtime    Last Run
--------------------------------  -----  ---------  --------  ----------  --------------  -------------------
/opt/airflow/dags/twitter_dag.py                           0           1  0.04s           2024-02-15T23:58:36
================================================================================
[2024-02-15T23:59:23.589+0000] {manager.py:879} INFO - 
================================================================================
DAG File Processing Stats

File Path                         PID    Runtime      # DAGs    # Errors  Last Runtime    Last Run
--------------------------------  -----  ---------  --------  ----------  --------------  -------------------
/opt/airflow/dags/twitter_dag.py                           0           1  0.04s           2024-02-15T23:59:06
================================================================================
[2024-02-15T23:59:53.760+0000] {manager.py:879} INFO - 
================================================================================
DAG File Processing Stats

File Path                         PID    Runtime      # DAGs    # Errors  Last Runtime    Last Run
--------------------------------  -----  ---------  --------  ----------  --------------  -------------------
/opt/airflow/dags/twitter_dag.py                           0           1  0.03s           2024-02-15T23:59:36
================================================================================
[2024-02-16T00:00:24.027+0000] {manager.py:879} INFO - 
================================================================================
DAG File Processing Stats

File Path                         PID    Runtime      # DAGs    # Errors  Last Runtime    Last Run
--------------------------------  -----  ---------  --------  ----------  --------------  -------------------
/opt/airflow/dags/twitter_dag.py                           0           1  0.04s           2024-02-16T00:00:20
================================================================================
[2024-02-16T00:00:54.188+0000] {manager.py:879} INFO - 
================================================================================
DAG File Processing Stats

File Path                         PID    Runtime      # DAGs    # Errors  Last Runtime    Last Run
--------------------------------  -----  ---------  --------  ----------  --------------  -------------------
/opt/airflow/dags/twitter_dag.py                           0           1  0.03s           2024-02-16T00:00:43
================================================================================
[2024-02-16T00:01:24.329+0000] {manager.py:879} INFO - 
================================================================================
DAG File Processing Stats

File Path                         PID    Runtime      # DAGs    # Errors  Last Runtime    Last Run
--------------------------------  -----  ---------  --------  ----------  --------------  -------------------
/opt/airflow/dags/twitter_dag.py                           0           1  0.03s           2024-02-16T00:01:06
================================================================================
[2024-02-16T00:01:54.485+0000] {manager.py:879} INFO - 
================================================================================
DAG File Processing Stats

File Path                         PID    Runtime      # DAGs    # Errors  Last Runtime    Last Run
--------------------------------  -----  ---------  --------  ----------  --------------  -------------------
/opt/airflow/dags/twitter_dag.py                           1           0  0.05s           2024-02-16T00:01:32
================================================================================
[2024-02-16T00:02:24.655+0000] {manager.py:879} INFO - 
================================================================================
DAG File Processing Stats

File Path                         PID    Runtime      # DAGs    # Errors  Last Runtime    Last Run
--------------------------------  -----  ---------  --------  ----------  --------------  -------------------
/opt/airflow/dags/twitter_dag.py                           1           0  0.05s           2024-02-16T00:02:02
================================================================================
[2024-02-16T00:02:54.808+0000] {manager.py:879} INFO - 
================================================================================
DAG File Processing Stats

File Path                         PID    Runtime      # DAGs    # Errors  Last Runtime    Last Run
--------------------------------  -----  ---------  --------  ----------  --------------  -------------------
/opt/airflow/dags/twitter_dag.py                           1           0  0.07s           2024-02-16T00:02:32
================================================================================
[2024-02-16T00:03:24.998+0000] {manager.py:879} INFO - 
================================================================================
DAG File Processing Stats

File Path                         PID    Runtime      # DAGs    # Errors  Last Runtime    Last Run
--------------------------------  -----  ---------  --------  ----------  --------------  -------------------
/opt/airflow/dags/twitter_dag.py                           1           0  0.07s           2024-02-16T00:03:02
================================================================================
[2024-02-16T00:03:52.163+0000] {manager.py:738} INFO - Searching for files in /opt/airflow/dags
[2024-02-16T00:03:52.166+0000] {manager.py:741} INFO - There are 1 files in /opt/airflow/dags
[2024-02-16T00:03:55.193+0000] {manager.py:879} INFO - 
================================================================================
DAG File Processing Stats

File Path                         PID    Runtime      # DAGs    # Errors  Last Runtime    Last Run
--------------------------------  -----  ---------  --------  ----------  --------------  -------------------
/opt/airflow/dags/twitter_dag.py                           1           0  0.06s           2024-02-16T00:03:33
================================================================================
[2024-02-16T00:04:25.374+0000] {manager.py:879} INFO - 
================================================================================
DAG File Processing Stats

File Path                           PID  Runtime      # DAGs    # Errors  Last Runtime    Last Run
--------------------------------  -----  ---------  --------  ----------  --------------  -------------------
/opt/airflow/dags/twitter_dag.py    251  0.00s             1           0  0.06s           2024-02-16T00:04:03
================================================================================
[2024-02-16T00:04:55.607+0000] {manager.py:879} INFO - 
================================================================================
DAG File Processing Stats

File Path                           PID  Runtime      # DAGs    # Errors  Last Runtime    Last Run
--------------------------------  -----  ---------  --------  ----------  --------------  -------------------
/opt/airflow/dags/twitter_dag.py    258  0.01s             1           0  0.06s           2024-02-16T00:04:25
================================================================================
[2024-02-16T00:05:25.791+0000] {manager.py:879} INFO - 
================================================================================
DAG File Processing Stats

File Path                           PID  Runtime      # DAGs    # Errors  Last Runtime    Last Run
--------------------------------  -----  ---------  --------  ----------  --------------  -------------------
/opt/airflow/dags/twitter_dag.py    265  0.00s             1           0  0.07s           2024-02-16T00:04:55
================================================================================
[2024-02-16T00:05:55.970+0000] {manager.py:879} INFO - 
================================================================================
DAG File Processing Stats

File Path                           PID  Runtime      # DAGs    # Errors  Last Runtime    Last Run
--------------------------------  -----  ---------  --------  ----------  --------------  -------------------
/opt/airflow/dags/twitter_dag.py    272  0.00s             1           0  0.06s           2024-02-16T00:05:25
================================================================================
[2024-02-16T00:06:26.167+0000] {manager.py:879} INFO - 
================================================================================
DAG File Processing Stats

File Path                           PID  Runtime      # DAGs    # Errors  Last Runtime    Last Run
--------------------------------  -----  ---------  --------  ----------  --------------  -------------------
/opt/airflow/dags/twitter_dag.py    279  0.01s             1           0  0.07s           2024-02-16T00:05:56
================================================================================
[2024-02-16T00:06:56.362+0000] {manager.py:879} INFO - 
================================================================================
DAG File Processing Stats

File Path                           PID  Runtime      # DAGs    # Errors  Last Runtime    Last Run
--------------------------------  -----  ---------  --------  ----------  --------------  -------------------
/opt/airflow/dags/twitter_dag.py    286  0.00s             1           0  0.07s           2024-02-16T00:06:26
================================================================================
[2024-02-16T00:07:26.563+0000] {manager.py:879} INFO - 
================================================================================
DAG File Processing Stats

File Path                         PID    Runtime      # DAGs    # Errors  Last Runtime    Last Run
--------------------------------  -----  ---------  --------  ----------  --------------  -------------------
/opt/airflow/dags/twitter_dag.py                           1           0  0.08s           2024-02-16T00:07:07
================================================================================
[2024-02-16T00:07:56.737+0000] {manager.py:879} INFO - 
================================================================================
DAG File Processing Stats

File Path                         PID    Runtime      # DAGs    # Errors  Last Runtime    Last Run
--------------------------------  -----  ---------  --------  ----------  --------------  -------------------
/opt/airflow/dags/twitter_dag.py                           1           0  0.07s           2024-02-16T00:07:37
================================================================================
[2024-02-16T00:08:26.924+0000] {manager.py:879} INFO - 
================================================================================
DAG File Processing Stats

File Path                         PID    Runtime      # DAGs    # Errors  Last Runtime    Last Run
--------------------------------  -----  ---------  --------  ----------  --------------  -------------------
/opt/airflow/dags/twitter_dag.py                           1           0  0.06s           2024-02-16T00:08:07
================================================================================
[2024-02-16T00:08:53.085+0000] {manager.py:738} INFO - Searching for files in /opt/airflow/dags
[2024-02-16T00:08:53.088+0000] {manager.py:741} INFO - There are 0 files in /opt/airflow/dags
[2024-02-16T00:13:53.686+0000] {manager.py:738} INFO - Searching for files in /opt/airflow/dags
[2024-02-16T00:13:53.691+0000] {manager.py:741} INFO - There are 1 files in /opt/airflow/dags
[2024-02-16T00:13:58.739+0000] {manager.py:879} INFO - 
================================================================================
DAG File Processing Stats

File Path                         PID    Runtime      # DAGs    # Errors  Last Runtime    Last Run
--------------------------------  -----  ---------  --------  ----------  --------------  -------------------
/opt/airflow/dags/twitter_dag.py                           0           1  0.03s           2024-02-16T00:13:53
================================================================================
[2024-02-16T00:14:28.933+0000] {manager.py:879} INFO - 
================================================================================
DAG File Processing Stats

File Path                         PID    Runtime      # DAGs    # Errors  Last Runtime    Last Run
--------------------------------  -----  ---------  --------  ----------  --------------  -------------------
/opt/airflow/dags/twitter_dag.py                           0           1  0.05s           2024-02-16T00:14:23
================================================================================
[2024-02-16T00:14:59.114+0000] {manager.py:879} INFO - 
================================================================================
DAG File Processing Stats

File Path                         PID    Runtime      # DAGs    # Errors  Last Runtime    Last Run
--------------------------------  -----  ---------  --------  ----------  --------------  -------------------
/opt/airflow/dags/twitter_dag.py                           0           1  0.04s           2024-02-16T00:14:51
================================================================================
[2024-02-16T00:15:29.282+0000] {manager.py:879} INFO - 
================================================================================
DAG File Processing Stats

File Path                         PID    Runtime      # DAGs    # Errors  Last Runtime    Last Run
--------------------------------  -----  ---------  --------  ----------  --------------  -------------------
/opt/airflow/dags/twitter_dag.py                           0           1  0.05s           2024-02-16T00:15:21
================================================================================
[2024-02-16T00:15:59.450+0000] {manager.py:879} INFO - 
================================================================================
DAG File Processing Stats

File Path                         PID    Runtime      # DAGs    # Errors  Last Runtime    Last Run
--------------------------------  -----  ---------  --------  ----------  --------------  -------------------
/opt/airflow/dags/twitter_dag.py                           0           1  0.04s           2024-02-16T00:15:51
================================================================================
[2024-02-16T00:16:29.616+0000] {manager.py:879} INFO - 
================================================================================
DAG File Processing Stats

File Path                         PID    Runtime      # DAGs    # Errors  Last Runtime    Last Run
--------------------------------  -----  ---------  --------  ----------  --------------  -------------------
/opt/airflow/dags/twitter_dag.py                           1           0  0.13s           2024-02-16T00:16:21
================================================================================
[2024-02-16T00:16:59.788+0000] {manager.py:879} INFO - 
================================================================================
DAG File Processing Stats

File Path                         PID    Runtime      # DAGs    # Errors  Last Runtime    Last Run
--------------------------------  -----  ---------  --------  ----------  --------------  -------------------
/opt/airflow/dags/twitter_dag.py                           1           0  0.07s           2024-02-16T00:16:51
================================================================================
[2024-02-16T00:17:29.976+0000] {manager.py:879} INFO - 
================================================================================
DAG File Processing Stats

File Path                         PID    Runtime      # DAGs    # Errors  Last Runtime    Last Run
--------------------------------  -----  ---------  --------  ----------  --------------  -------------------
/opt/airflow/dags/twitter_dag.py                           1           0  0.07s           2024-02-16T00:17:21
================================================================================
[2024-02-16T00:18:00.142+0000] {manager.py:879} INFO - 
================================================================================
DAG File Processing Stats

File Path                         PID    Runtime      # DAGs    # Errors  Last Runtime    Last Run
--------------------------------  -----  ---------  --------  ----------  --------------  -------------------
/opt/airflow/dags/twitter_dag.py                           1           0  0.06s           2024-02-16T00:17:52
================================================================================
[2024-02-16T00:18:30.315+0000] {manager.py:879} INFO - 
================================================================================
DAG File Processing Stats

File Path                         PID    Runtime      # DAGs    # Errors  Last Runtime    Last Run
--------------------------------  -----  ---------  --------  ----------  --------------  -------------------
/opt/airflow/dags/twitter_dag.py                           1           0  0.06s           2024-02-16T00:18:22
================================================================================
[2024-02-16T00:18:54.467+0000] {manager.py:738} INFO - Searching for files in /opt/airflow/dags
[2024-02-16T00:18:54.472+0000] {manager.py:741} INFO - There are 1 files in /opt/airflow/dags
[2024-02-16T00:19:00.525+0000] {manager.py:879} INFO - 
================================================================================
DAG File Processing Stats

File Path                         PID    Runtime      # DAGs    # Errors  Last Runtime    Last Run
--------------------------------  -----  ---------  --------  ----------  --------------  -------------------
/opt/airflow/dags/twitter_dag.py                           1           0  0.06s           2024-02-16T00:18:52
================================================================================
[2024-02-16T00:19:30.699+0000] {manager.py:879} INFO - 
================================================================================
DAG File Processing Stats

File Path                         PID    Runtime      # DAGs    # Errors  Last Runtime    Last Run
--------------------------------  -----  ---------  --------  ----------  --------------  -------------------
/opt/airflow/dags/twitter_dag.py                           1           0  0.06s           2024-02-16T00:19:22
================================================================================
[2024-02-16T00:20:00.888+0000] {manager.py:879} INFO - 
================================================================================
DAG File Processing Stats

File Path                         PID    Runtime      # DAGs    # Errors  Last Runtime    Last Run
--------------------------------  -----  ---------  --------  ----------  --------------  -------------------
/opt/airflow/dags/twitter_dag.py                           1           0  0.06s           2024-02-16T00:19:52
================================================================================
[2024-02-16T00:20:31.080+0000] {manager.py:879} INFO - 
================================================================================
DAG File Processing Stats

File Path                         PID    Runtime      # DAGs    # Errors  Last Runtime    Last Run
--------------------------------  -----  ---------  --------  ----------  --------------  -------------------
/opt/airflow/dags/twitter_dag.py                           1           0  0.07s           2024-02-16T00:20:23
================================================================================
[2024-02-16T00:21:01.264+0000] {manager.py:879} INFO - 
================================================================================
DAG File Processing Stats

File Path                         PID    Runtime      # DAGs    # Errors  Last Runtime    Last Run
--------------------------------  -----  ---------  --------  ----------  --------------  -------------------
/opt/airflow/dags/twitter_dag.py                           1           0  0.06s           2024-02-16T00:20:53
================================================================================
[2024-02-16T00:21:31.450+0000] {manager.py:879} INFO - 
================================================================================
DAG File Processing Stats

File Path                         PID    Runtime      # DAGs    # Errors  Last Runtime    Last Run
--------------------------------  -----  ---------  --------  ----------  --------------  -------------------
/opt/airflow/dags/twitter_dag.py                           1           0  0.06s           2024-02-16T00:21:23
================================================================================
[2024-02-16T00:22:01.637+0000] {manager.py:879} INFO - 
================================================================================
DAG File Processing Stats

File Path                         PID    Runtime      # DAGs    # Errors  Last Runtime    Last Run
--------------------------------  -----  ---------  --------  ----------  --------------  -------------------
/opt/airflow/dags/twitter_dag.py                           1           0  0.06s           2024-02-16T00:21:53
================================================================================
[2024-02-16T00:22:31.826+0000] {manager.py:879} INFO - 
================================================================================
DAG File Processing Stats

File Path                         PID    Runtime      # DAGs    # Errors  Last Runtime    Last Run
--------------------------------  -----  ---------  --------  ----------  --------------  -------------------
/opt/airflow/dags/twitter_dag.py                           1           0  0.07s           2024-02-16T00:22:23
================================================================================
[2024-02-16T00:23:02.013+0000] {manager.py:879} INFO - 
================================================================================
DAG File Processing Stats

File Path                         PID    Runtime      # DAGs    # Errors  Last Runtime    Last Run
--------------------------------  -----  ---------  --------  ----------  --------------  -------------------
/opt/airflow/dags/twitter_dag.py                           1           0  0.07s           2024-02-16T00:22:54
================================================================================
[2024-02-16T00:23:32.165+0000] {manager.py:879} INFO - 
================================================================================
DAG File Processing Stats

File Path                         PID    Runtime      # DAGs    # Errors  Last Runtime    Last Run
--------------------------------  -----  ---------  --------  ----------  --------------  -------------------
/opt/airflow/dags/twitter_dag.py                           1           0  0.07s           2024-02-16T00:23:24
================================================================================
[2024-02-16T00:23:55.318+0000] {manager.py:738} INFO - Searching for files in /opt/airflow/dags
[2024-02-16T00:23:55.322+0000] {manager.py:741} INFO - There are 1 files in /opt/airflow/dags
[2024-02-16T00:24:02.360+0000] {manager.py:879} INFO - 
================================================================================
DAG File Processing Stats

File Path                         PID    Runtime      # DAGs    # Errors  Last Runtime    Last Run
--------------------------------  -----  ---------  --------  ----------  --------------  -------------------
/opt/airflow/dags/twitter_dag.py                           1           0  0.07s           2024-02-16T00:23:54
================================================================================
[2024-02-16T00:24:32.529+0000] {manager.py:879} INFO - 
================================================================================
DAG File Processing Stats

File Path                         PID    Runtime      # DAGs    # Errors  Last Runtime    Last Run
--------------------------------  -----  ---------  --------  ----------  --------------  -------------------
/opt/airflow/dags/twitter_dag.py                           1           0  0.06s           2024-02-16T00:24:24
================================================================================
[2024-02-16T00:25:02.707+0000] {manager.py:879} INFO - 
================================================================================
DAG File Processing Stats

File Path                         PID    Runtime      # DAGs    # Errors  Last Runtime    Last Run
--------------------------------  -----  ---------  --------  ----------  --------------  -------------------
/opt/airflow/dags/twitter_dag.py                           1           0  0.06s           2024-02-16T00:24:54
================================================================================
[2024-02-16T00:25:32.889+0000] {manager.py:879} INFO - 
================================================================================
DAG File Processing Stats

File Path                         PID    Runtime      # DAGs    # Errors  Last Runtime    Last Run
--------------------------------  -----  ---------  --------  ----------  --------------  -------------------
/opt/airflow/dags/twitter_dag.py                           1           0  0.07s           2024-02-16T00:25:24
================================================================================
[2024-02-16T00:26:03.074+0000] {manager.py:879} INFO - 
================================================================================
DAG File Processing Stats

File Path                         PID    Runtime      # DAGs    # Errors  Last Runtime    Last Run
--------------------------------  -----  ---------  --------  ----------  --------------  -------------------
/opt/airflow/dags/twitter_dag.py                           1           0  0.06s           2024-02-16T00:25:55
================================================================================
[2024-02-16T00:26:33.243+0000] {manager.py:879} INFO - 
================================================================================
DAG File Processing Stats

File Path                         PID    Runtime      # DAGs    # Errors  Last Runtime    Last Run
--------------------------------  -----  ---------  --------  ----------  --------------  -------------------
/opt/airflow/dags/twitter_dag.py                           1           0  0.07s           2024-02-16T00:26:25
================================================================================
[2024-02-16T00:27:03.422+0000] {manager.py:879} INFO - 
================================================================================
DAG File Processing Stats

File Path                         PID    Runtime      # DAGs    # Errors  Last Runtime    Last Run
--------------------------------  -----  ---------  --------  ----------  --------------  -------------------
/opt/airflow/dags/twitter_dag.py                           1           0  0.07s           2024-02-16T00:26:55
================================================================================
[2024-02-16T00:27:33.606+0000] {manager.py:879} INFO - 
================================================================================
DAG File Processing Stats

File Path                         PID    Runtime      # DAGs    # Errors  Last Runtime    Last Run
--------------------------------  -----  ---------  --------  ----------  --------------  -------------------
/opt/airflow/dags/twitter_dag.py                           1           0  0.07s           2024-02-16T00:27:25
================================================================================
[2024-02-16T00:28:03.801+0000] {manager.py:879} INFO - 
================================================================================
DAG File Processing Stats

File Path                         PID    Runtime      # DAGs    # Errors  Last Runtime    Last Run
--------------------------------  -----  ---------  --------  ----------  --------------  -------------------
/opt/airflow/dags/twitter_dag.py                           1           0  0.06s           2024-02-16T00:27:55
================================================================================
[2024-02-16T00:28:34.019+0000] {manager.py:879} INFO - 
================================================================================
DAG File Processing Stats

File Path                         PID    Runtime      # DAGs    # Errors  Last Runtime    Last Run
--------------------------------  -----  ---------  --------  ----------  --------------  -------------------
/opt/airflow/dags/twitter_dag.py                           1           0  0.07s           2024-02-16T00:28:29
================================================================================
[2024-02-16T00:28:56.173+0000] {manager.py:738} INFO - Searching for files in /opt/airflow/dags
[2024-02-16T00:28:56.178+0000] {manager.py:741} INFO - There are 1 files in /opt/airflow/dags
[2024-02-16T00:29:04.264+0000] {manager.py:879} INFO - 
================================================================================
DAG File Processing Stats

File Path                         PID    Runtime      # DAGs    # Errors  Last Runtime    Last Run
--------------------------------  -----  ---------  --------  ----------  --------------  -------------------
/opt/airflow/dags/twitter_dag.py                           1           0  0.07s           2024-02-16T00:29:02
================================================================================
[2024-02-16T00:29:34.496+0000] {manager.py:879} INFO - 
================================================================================
DAG File Processing Stats

File Path                         PID    Runtime      # DAGs    # Errors  Last Runtime    Last Run
--------------------------------  -----  ---------  --------  ----------  --------------  -------------------
/opt/airflow/dags/twitter_dag.py                           1           0  0.07s           2024-02-16T00:29:11
================================================================================
[2024-02-16T00:30:04.680+0000] {manager.py:879} INFO - 
================================================================================
DAG File Processing Stats

File Path                         PID    Runtime      # DAGs    # Errors  Last Runtime    Last Run
--------------------------------  -----  ---------  --------  ----------  --------------  -------------------
/opt/airflow/dags/twitter_dag.py                           1           0  0.06s           2024-02-16T00:29:41
================================================================================
[2024-02-16T00:30:34.927+0000] {manager.py:879} INFO - 
================================================================================
DAG File Processing Stats

File Path                           PID  Runtime      # DAGs    # Errors  Last Runtime    Last Run
--------------------------------  -----  ---------  --------  ----------  --------------  -------------------
/opt/airflow/dags/twitter_dag.py    618  0.00s             0           1  0.03s           2024-02-16T00:30:28
================================================================================
[2024-02-16T00:31:05.197+0000] {manager.py:879} INFO - 
================================================================================
DAG File Processing Stats

File Path                         PID    Runtime      # DAGs    # Errors  Last Runtime    Last Run
--------------------------------  -----  ---------  --------  ----------  --------------  -------------------
/opt/airflow/dags/twitter_dag.py                           0           1  0.05s           2024-02-16T00:30:59
================================================================================
[2024-02-16T00:31:35.408+0000] {manager.py:879} INFO - 
================================================================================
DAG File Processing Stats

File Path                         PID    Runtime      # DAGs    # Errors  Last Runtime    Last Run
--------------------------------  -----  ---------  --------  ----------  --------------  -------------------
/opt/airflow/dags/twitter_dag.py                           1           0  0.07s           2024-02-16T00:31:32
================================================================================
[2024-02-16T00:32:05.734+0000] {manager.py:879} INFO - 
================================================================================
DAG File Processing Stats

File Path                         PID    Runtime      # DAGs    # Errors  Last Runtime    Last Run
--------------------------------  -----  ---------  --------  ----------  --------------  -------------------
/opt/airflow/dags/twitter_dag.py                           1           0  0.07s           2024-02-16T00:32:04
================================================================================
[2024-02-16T00:32:35.963+0000] {manager.py:879} INFO - 
================================================================================
DAG File Processing Stats

File Path                         PID    Runtime      # DAGs    # Errors  Last Runtime    Last Run
--------------------------------  -----  ---------  --------  ----------  --------------  -------------------
/opt/airflow/dags/twitter_dag.py                           1           0  0.06s           2024-02-16T00:32:09
================================================================================
[2024-02-16T00:33:06.228+0000] {manager.py:879} INFO - 
================================================================================
DAG File Processing Stats

File Path                         PID    Runtime      # DAGs    # Errors  Last Runtime    Last Run
--------------------------------  -----  ---------  --------  ----------  --------------  -------------------
/opt/airflow/dags/twitter_dag.py                           1           0  0.05s           2024-02-16T00:32:49
================================================================================
[2024-02-16T00:33:36.412+0000] {manager.py:879} INFO - 
================================================================================
DAG File Processing Stats

File Path                         PID    Runtime      # DAGs    # Errors  Last Runtime    Last Run
--------------------------------  -----  ---------  --------  ----------  --------------  -------------------
/opt/airflow/dags/twitter_dag.py                           1           0  0.13s           2024-02-16T00:33:19
================================================================================
[2024-02-16T00:33:56.581+0000] {manager.py:738} INFO - Searching for files in /opt/airflow/dags
[2024-02-16T00:33:56.584+0000] {manager.py:741} INFO - There are 1 files in /opt/airflow/dags
[2024-02-16T00:34:06.658+0000] {manager.py:879} INFO - 
================================================================================
DAG File Processing Stats

File Path                         PID    Runtime      # DAGs    # Errors  Last Runtime    Last Run
--------------------------------  -----  ---------  --------  ----------  --------------  -------------------
/opt/airflow/dags/twitter_dag.py                           1           0  0.15s           2024-02-16T00:33:46
================================================================================
[2024-02-16T00:34:36.845+0000] {manager.py:879} INFO - 
================================================================================
DAG File Processing Stats

File Path                         PID    Runtime      # DAGs    # Errors  Last Runtime    Last Run
--------------------------------  -----  ---------  --------  ----------  --------------  -------------------
/opt/airflow/dags/twitter_dag.py                           1           0  0.07s           2024-02-16T00:34:09
================================================================================
[2024-02-16T00:35:07.024+0000] {manager.py:879} INFO - 
================================================================================
DAG File Processing Stats

File Path                         PID    Runtime      # DAGs    # Errors  Last Runtime    Last Run
--------------------------------  -----  ---------  --------  ----------  --------------  -------------------
/opt/airflow/dags/twitter_dag.py                           1           0  0.07s           2024-02-16T00:34:39
================================================================================
[2024-02-16T00:35:37.204+0000] {manager.py:879} INFO - 
================================================================================
DAG File Processing Stats

File Path                         PID    Runtime      # DAGs    # Errors  Last Runtime    Last Run
--------------------------------  -----  ---------  --------  ----------  --------------  -------------------
/opt/airflow/dags/twitter_dag.py                           1           0  0.06s           2024-02-16T00:35:10
================================================================================
[2024-02-16T00:36:07.384+0000] {manager.py:879} INFO - 
================================================================================
DAG File Processing Stats

File Path                         PID    Runtime      # DAGs    # Errors  Last Runtime    Last Run
--------------------------------  -----  ---------  --------  ----------  --------------  -------------------
/opt/airflow/dags/twitter_dag.py                           1           0  0.07s           2024-02-16T00:35:40
================================================================================
[2024-02-16T00:36:37.609+0000] {manager.py:879} INFO - 
================================================================================
DAG File Processing Stats

File Path                         PID    Runtime      # DAGs    # Errors  Last Runtime    Last Run
--------------------------------  -----  ---------  --------  ----------  --------------  -------------------
/opt/airflow/dags/twitter_dag.py                           1           0  0.08s           2024-02-16T00:36:20
================================================================================
[2024-02-16T00:37:07.823+0000] {manager.py:879} INFO - 
================================================================================
DAG File Processing Stats

File Path                         PID    Runtime      # DAGs    # Errors  Last Runtime    Last Run
--------------------------------  -----  ---------  --------  ----------  --------------  -------------------
/opt/airflow/dags/twitter_dag.py                           1           0  0.08s           2024-02-16T00:36:50
================================================================================
[2024-02-16T00:37:38.019+0000] {manager.py:879} INFO - 
================================================================================
DAG File Processing Stats

File Path                         PID    Runtime      # DAGs    # Errors  Last Runtime    Last Run
--------------------------------  -----  ---------  --------  ----------  --------------  -------------------
/opt/airflow/dags/twitter_dag.py                           1           0  0.06s           2024-02-16T00:37:20
================================================================================
