[2024-02-16T00:19:52.833+0000] {processor.py:161} INFO - Started process (PID=460) to work on /opt/airflow/dags/twitter_dag.py
[2024-02-16T00:19:52.833+0000] {processor.py:830} INFO - Processing file /opt/airflow/dags/twitter_dag.py for tasks to queue
[2024-02-16T00:19:52.834+0000] {logging_mixin.py:188} INFO - [2024-02-16T00:19:52.834+0000] {dagbag.py:538} INFO - Filling up the DagBag from /opt/airflow/dags/twitter_dag.py
[2024-02-16T00:19:52.842+0000] {processor.py:840} INFO - DAG(s) 'twitter_collector' retrieved from /opt/airflow/dags/twitter_dag.py
[2024-02-16T00:19:52.854+0000] {logging_mixin.py:188} INFO - [2024-02-16T00:19:52.854+0000] {dag.py:3036} INFO - Sync 1 DAGs
[2024-02-16T00:19:52.863+0000] {logging_mixin.py:188} INFO - [2024-02-16T00:19:52.863+0000] {dag.py:3823} INFO - Setting next_dagrun for twitter_collector to None, run_after=None
[2024-02-16T00:19:52.878+0000] {processor.py:183} INFO - Processing /opt/airflow/dags/twitter_dag.py took 0.048 seconds
[2024-02-16T00:20:23.026+0000] {processor.py:161} INFO - Started process (PID=467) to work on /opt/airflow/dags/twitter_dag.py
[2024-02-16T00:20:23.028+0000] {processor.py:830} INFO - Processing file /opt/airflow/dags/twitter_dag.py for tasks to queue
[2024-02-16T00:20:23.030+0000] {logging_mixin.py:188} INFO - [2024-02-16T00:20:23.030+0000] {dagbag.py:538} INFO - Filling up the DagBag from /opt/airflow/dags/twitter_dag.py
[2024-02-16T00:20:23.042+0000] {processor.py:840} INFO - DAG(s) 'twitter_collector' retrieved from /opt/airflow/dags/twitter_dag.py
[2024-02-16T00:20:23.053+0000] {logging_mixin.py:188} INFO - [2024-02-16T00:20:23.053+0000] {dag.py:3036} INFO - Sync 1 DAGs
[2024-02-16T00:20:23.062+0000] {logging_mixin.py:188} INFO - [2024-02-16T00:20:23.062+0000] {dag.py:3823} INFO - Setting next_dagrun for twitter_collector to None, run_after=None
[2024-02-16T00:20:23.073+0000] {processor.py:183} INFO - Processing /opt/airflow/dags/twitter_dag.py took 0.052 seconds
[2024-02-16T00:20:53.206+0000] {processor.py:161} INFO - Started process (PID=474) to work on /opt/airflow/dags/twitter_dag.py
[2024-02-16T00:20:53.207+0000] {processor.py:830} INFO - Processing file /opt/airflow/dags/twitter_dag.py for tasks to queue
[2024-02-16T00:20:53.208+0000] {logging_mixin.py:188} INFO - [2024-02-16T00:20:53.208+0000] {dagbag.py:538} INFO - Filling up the DagBag from /opt/airflow/dags/twitter_dag.py
[2024-02-16T00:20:53.216+0000] {processor.py:840} INFO - DAG(s) 'twitter_collector' retrieved from /opt/airflow/dags/twitter_dag.py
[2024-02-16T00:20:53.228+0000] {logging_mixin.py:188} INFO - [2024-02-16T00:20:53.228+0000] {dag.py:3036} INFO - Sync 1 DAGs
[2024-02-16T00:20:53.237+0000] {logging_mixin.py:188} INFO - [2024-02-16T00:20:53.237+0000] {dag.py:3823} INFO - Setting next_dagrun for twitter_collector to None, run_after=None
[2024-02-16T00:20:53.256+0000] {processor.py:183} INFO - Processing /opt/airflow/dags/twitter_dag.py took 0.052 seconds
